2013-07-01 08:00:00 Error: [MissingControllerException] Controller class ImgController could not be found.
Exception Attributes: array (
  'class' => 'ImgController',
  'plugin' => NULL,
)
Request URL: /graduation/img/cake.power.gif
Stack Trace:
#0 /var/www/graduation/app/webroot/index.php(110): Dispatcher->dispatch(Object(CakeRequest), Object(CakeResponse))
#1 /var/www/graduation/index.php(43): require('/var/www/gradua...')
#2 {main}
2013-07-01 08:00:00 Error: [MissingControllerException] Controller class CssController could not be found.
Exception Attributes: array (
  'class' => 'CssController',
  'plugin' => NULL,
)
Request URL: /graduation/css/cake.generic.css
Stack Trace:
#0 /var/www/graduation/app/webroot/index.php(110): Dispatcher->dispatch(Object(CakeRequest), Object(CakeResponse))
#1 /var/www/graduation/index.php(43): require('/var/www/gradua...')
#2 {main}
2013-07-01 08:00:00 Error: [MissingControllerException] Controller class Favicon.icoController could not be found.
Exception Attributes: array (
  'class' => 'Favicon.icoController',
  'plugin' => NULL,
)
Request URL: /graduation/favicon.ico
Stack Trace:
#0 /var/www/graduation/app/webroot/index.php(110): Dispatcher->dispatch(Object(CakeRequest), Object(CakeResponse))
#1 /var/www/graduation/index.php(43): require('/var/www/gradua...')
#2 {main}
2013-07-01 08:00:15 Error: [MissingControllerException] Controller class CssController could not be found.
Exception Attributes: array (
  'class' => 'CssController',
  'plugin' => NULL,
)
Request URL: /graduation/css/cake.generic.css
Stack Trace:
#0 /var/www/graduation/app/webroot/index.php(110): Dispatcher->dispatch(Object(CakeRequest), Object(CakeResponse))
#1 /var/www/graduation/index.php(43): require('/var/www/gradua...')
#2 {main}
2013-07-01 08:00:15 Error: [MissingControllerException] Controller class ImgController could not be found.
Exception Attributes: array (
  'class' => 'ImgController',
  'plugin' => NULL,
)
Request URL: /graduation/img/cake.power.gif
Stack Trace:
#0 /var/www/graduation/app/webroot/index.php(110): Dispatcher->dispatch(Object(CakeRequest), Object(CakeResponse))
#1 /var/www/graduation/index.php(43): require('/var/www/gradua...')
#2 {main}
2013-07-01 08:00:15 Error: [MissingControllerException] Controller class Favicon.icoController could not be found.
Exception Attributes: array (
  'class' => 'Favicon.icoController',
  'plugin' => NULL,
)
Request URL: /graduation/favicon.ico
Stack Trace:
#0 /var/www/graduation/app/webroot/index.php(110): Dispatcher->dispatch(Object(CakeRequest), Object(CakeResponse))
#1 /var/www/graduation/index.php(43): require('/var/www/gradua...')
#2 {main}
2013-07-01 08:02:44 Error: [MissingControllerException] Controller class CssController could not be found.
Exception Attributes: array (
  'class' => 'CssController',
  'plugin' => NULL,
)
Request URL: /graduation/css/cake.generic.css
Stack Trace:
#0 /var/www/graduation/app/webroot/index.php(110): Dispatcher->dispatch(Object(CakeRequest), Object(CakeResponse))
#1 /var/www/graduation/index.php(43): require('/var/www/gradua...')
#2 {main}
2013-07-01 08:02:44 Error: [MissingControllerException] Controller class ImgController could not be found.
Exception Attributes: array (
  'class' => 'ImgController',
  'plugin' => NULL,
)
Request URL: /graduation/img/cake.power.gif
Stack Trace:
#0 /var/www/graduation/app/webroot/index.php(110): Dispatcher->dispatch(Object(CakeRequest), Object(CakeResponse))
#1 /var/www/graduation/index.php(43): require('/var/www/gradua...')
#2 {main}
2013-07-01 08:02:44 Error: [MissingControllerException] Controller class Favicon.icoController could not be found.
Exception Attributes: array (
  'class' => 'Favicon.icoController',
  'plugin' => NULL,
)
Request URL: /graduation/favicon.ico
Stack Trace:
#0 /var/www/graduation/app/webroot/index.php(110): Dispatcher->dispatch(Object(CakeRequest), Object(CakeResponse))
#1 /var/www/graduation/index.php(43): require('/var/www/gradua...')
#2 {main}
